2023/12/15 10:58:07 : F2 00 00 00 00 00 00 00 00 DE FF FF F7 FF 00 00 00 01 25 43 F6
2023/12/15 10:58:58 : F2 00 00 00 00 00 00 00 00 DE FF FF F7 FF 00 00 00 01 25 43 F6
2023/12/15 10:59:44 : F2 00 00 00 00 00 00 00 00 DE FF FF F7 FF 00 00 00 01 25 43 F6
2023/12/15 10:59:54 : F2 00 00 00 00 00 00 00 00 DE FF FF F7 FF 00 00 00 01 25 43 F6
2023/12/15 10:59:55 : F2 00 00 00 00 00 00 00 00 DE FF FF F7 FF 00 00 00 01 25 43 F6
2023/12/15 10:59:56 : F2 00 00 00 00 00 00 00 00 DE FF FF F7 FF 00 00 00 01 25 43 F6
2023/12/15 10:59:57 : F2 00 00 00 00 00 00 00 00 DE FF FF F7 FF 00 00 00 01 25 43 F6
2023/12/15 10:59:58 : F2 00 00 00 00 00 00 00 00 DE FF FF F7 FF 00 00 00 01 25 43 F6
2023/12/15 10:59:59 : F2 00 00 00 00 00 00 00 00 DE FF FF F7 FF 00 00 00 01 25 43 F6
2023/12/15 11:00:00 : F2 00 00 00 00 00 00 00 00 DE FF FF F7 FF 00 00 00 01 25 43 F6
2023/12/15 11:00:01 : F2 00 00 00 00 00 00 00 00 DE FF FF F7 FF 00 00 00 01 25 43 F6
2023/12/15 11:00:02 : F2 00 00 00 00 00 00 00 00 DE FF FF F7 FF 00 00 00 01 25 43 F6
2023/12/15 11:00:03 : F2 00 00 00 00 00 00 00 00 DE FF FF F7 FF 00 00 00 01 25 43 F6
2023/12/15 11:00:04 : F2 00 00 00 00 00 00 00 00 DE FF FF F7 FF 00 00 00 01 25 43 F6
2023/12/15 11:00:05 : F2 00 00 00 00 00 00 00 00 DE FF FF F7 FF 00 00 00 01 25 43 F6
2023/12/15 11:00:06 : F2 00 00 00 00 00 00 00 00 DE FF FF F7 FF 00 00 00 01 25 43 F6
2023/12/15 11:00:07 : F2 00 00 00 00 00 00 00 00 DE FF FF F7 FF 00 00 00 01 25 43 F6
2023/12/15 11:00:08 : F2 00 00 00 00 00 00 00 00 DE FF FF F7 FF 00 00 00 01 25 43 F6
2023/12/15 11:00:09 : F2 00 00 00 00 00 00 00 00 DE FF FF F7 FF 00 00 00 01 25 43 F6
2023/12/15 11:00:10 : F2 00 00 00 00 00 00 00 00 DE FF FF F7 FF 00 00 00 01 25 43 F6
2023/12/15 11:00:11 : F2 00 00 00 00 00 00 00 00 DE FF FF F7 FF 00 00 00 01 25 43 F6
2023/12/15 11:00:12 : F2 00 00 00 00 00 00 00 00 DE FF FF F7 FF 00 00 00 01 25 43 F6
2023/12/15 11:00:13 : F2 00 00 00 00 00 00 00 00 DE FF FF F7 FF 00 00 00 01 25 43 F6
2023/12/15 11:00:14 : F2 00 00 00 00 00 00 00 00 DE FF FF F7 FF 00 00 00 01 25 43 F6
2023/12/15 11:00:15 : F2 00 00 00 00 00 00 00 00 DE FF FF F7 FF 00 00 00 01 25 43 F6
2023/12/15 11:00:16 : F2 00 00 00 00 00 00 00 00 DE FF FF F7 FF 00 00 00 01 25 43 F6
2023/12/15 11:00:17 : F2 00 00 00 00 00 00 00 00 DE FF FF F7 FF 00 00 00 01 25 43 F6
2023/12/15 11:00:18 : F2 00 00 00 00 00 00 00 00 DE FF FF F7 FF 00 00 00 01 25 43 F6
2023/12/15 11:00:19 : F2 00 00 00 00 00 00 00 00 DE FF FF F7 FF 00 00 00 01 25 43 F6
2023/12/15 11:00:20 : F2 00 00 00 00 00 00 00 00 DE FF FF F7 FF 00 00 00 01 25 43 F6
2023/12/15 11:00:21 : F2 00 00 00 00 00 00 00 00 DE FF FF F7 FF 00 00 00 01 25 43 F6
2023/12/15 11:00:23 : F2 00 00 00 00 00 00 00 00 DE FF FF F7 FF 00 00 00 01 25 43 F6
2023/12/15 11:00:24 : F2 00 00 00 00 00 00 00 00 DE FF FF F7 FF 00 00 00 01 25 43 F6
2023/12/15 11:00:25 : F2 00 00 00 00 00 00 00 00 DE FF FF F7 FF 00 00 00 01 25 43 F6
2023/12/15 11:00:26 : F2 00 00 00 00 00 00 00 00 DE FF FF F7 FF 00 00 00 01 25 43 F6
2023/12/15 11:00:27 : F2 00 00 00 00 00 00 00 00 DE FF FF F7 FF 00 00 00 01 25 43 F6
2023/12/15 11:00:28 : F2 00 00 00 00 00 00 00 00 DE FF FF F7 FF 00 00 00 01 25 43 F6
2023/12/15 11:00:29 : F2 00 00 00 00 00 00 00 00 DE FF FF F7 FF 00 00 00 01 25 43 F6
2023/12/15 11:00:30 : F2 00 00 00 00 00 00 00 00 DE FF FF F7 FF 00 00 00 01 25 43 F6
2023/12/15 11:00:31 : F2 00 00 00 00 00 00 00 00 DE FF FF F7 FF 00 00 00 01 25 43 F6
2023/12/15 11:00:32 : F2 00 00 00 00 00 00 00 00 DE FF FF F7 FF 00 00 00 01 25 43 F6
2023/12/15 11:00:33 : F2 00 00 00 00 00 00 00 00 DE FF FF F7 FF 00 00 00 01 25 43 F6
2023/12/15 11:00:34 : F2 00 00 00 00 00 00 00 00 DE FF FF F7 FF 00 00 00 01 25 43 F6
2023/12/15 11:00:35 : F2 00 00 00 00 00 00 00 00 DE FF FF F7 FF 00 00 00 01 25 43 F6
2023/12/15 11:00:36 : F2 00 00 00 00 00 00 00 00 DE FF FF F7 FF 00 00 00 01 25 43 F6
2023/12/15 11:00:37 : F2 00 00 00 00 00 00 00 00 DE FF FF F7 FF 00 00 00 01 25 43 F6
2023/12/15 11:00:38 : F2 00 00 00 00 00 00 00 00 DE FF FF F7 FF 00 00 00 01 25 43 F6
2023/12/15 11:00:39 : F2 00 00 00 00 00 00 00 00 DE FF FF F7 FF 00 00 00 01 25 43 F6
2023/12/15 11:00:40 : F2 00 00 00 00 00 00 00 00 DE FF FF F7 FF 00 00 00 01 25 43 F6
2023/12/15 11:00:41 : F2 00 00 00 00 00 00 00 00 DE FF FF F7 FF 00 00 00 01 25 43 F6
2023/12/15 11:00:42 : F2 00 00 00 00 00 00 00 00 DE FF FF F7 FF 00 00 00 01 25 43 F6
2023/12/15 11:00:43 : F2 00 00 00 00 00 00 00 00 DE FF FF F7 FF 00 00 00 01 25 43 F6
2023/12/15 11:00:44 : F2 00 00 00 00 00 00 00 00 DE FF FF F7 FF 00 00 00 01 25 43 F6
2023/12/15 11:00:45 : F2 00 00 00 00 00 00 00 00 DE FF FF F7 FF 00 00 00 01 25 43 F6
2023/12/15 11:00:46 : F2 00 00 00 00 00 00 00 00 DE FF FF F7 FF 00 00 00 01 25 43 F6
2023/12/15 11:00:47 : F2 00 00 00 00 00 00 00 00 DE FF FF F7 FF 00 00 00 01 25 43 F6
2023/12/15 11:00:48 : F2 00 00 00 00 00 00 00 00 DE FF FF F7 FF 00 00 00 01 25 43 F6
2023/12/15 11:00:49 : F2 00 00 00 00 00 00 00 00 DE FF FF F7 FF 00 00 00 01 25 43 F6
2023/12/15 11:00:49 : F2 00 00 00 00 00 00 00 00 DE FF FF F7 FF 00 00 00 01 25 43 F6
2023/12/15 11:00:49 : F2 00 00 00 00 00 00 00 00 DE FF FF F7 FF 00 00 00 01 25 43 F6
2023/12/15 11:00:49 : F2 00 00 00 00 00 00 00 00 DE FF FF F7 FF 00 00 00 01 25 43 F6
2023/12/15 11:00:49 : F2 00 00 00 00 00 00 00 00 DE FF FF F7 FF 00 00 00 01 25 43 F6
2023/12/15 11:00:49 : F2 00 00 00 00 00 00 00 00 DE FF FF F7 FF 00 00 00 01 25 43 F6
2023/12/15 11:00:49 : F2 00 00 00 00 00 00 00 00 DE FF FF F7 FF 00 00 00 01 25 43 F6
2023/12/15 11:00:49 : F2 00 00 00 00 00 00 00 00 DE FF FF F7 FF 00 00 00 01 25 43 F6
2023/12/15 11:00:50 : F2 00 00 00 00 00 00 00 00 DE FF FF F7 FF 00 00 00 01 25 43 F6
2023/12/15 11:00:50 : F2 00 00 00 00 00 00 00 00 DE FF FF F7 FF 00 00 00 01 25 43 F6
2023/12/15 11:00:50 : F2 00 00 00 00 00 00 00 00 DE FF FF F7 FF 00 00 00 01 25 43 F6
2023/12/15 11:00:50 : F2 00 00 00 00 00 00 00 00 DE FF FF F7 FF 00 00 00 01 25 43 F6
2023/12/15 11:00:50 : F2 00 00 00 00 00 00 00 00 DE FF FF F7 FF 00 00 00 01 25 43 F6
2023/12/15 11:00:50 : F2 00 00 00 00 00 00 00 00 DE FF FF F7 FF 00 00 00 01 25 43 F6
2023/12/15 11:00:50 : F2 00 00 00 00 00 00 00 00 DE FF FF F7 FF 00 00 00 01 25 43 F6
2023/12/15 11:00:50 : F2 00 00 00 00 00 00 00 00 DE FF FF F7 FF 00 00 00 01 25 43 F6
2023/12/15 11:00:50 : F2 00 00 00 00 00 00 00 00 DE FF FF F7 FF 00 00 00 01 25 43 F6
2023/12/15 11:00:51 : F2 00 00 00 00 00 00 00 00 DE FF FF F7 FF 00 00 00 01 25 43 F6
2023/12/15 11:00:51 : F2 00 00 00 00 00 00 00 00 DE FF FF F7 FF 00 00 00 01 25 43 F6
2023/12/15 11:00:51 : F2 00 00 00 00 00 00 00 00 DE FF FF F7 FF 00 00 00 01 25 43 F6
2023/12/15 11:00:51 : F2 00 00 00 00 00 00 00 00 DE FF FF F7 FF 00 00 00 01 25 43 F6
2023/12/15 11:00:53 : F2 00 00 00 00 00 00 00 00 DE FF FF F7 FF 00 00 00 01 25 43 F6
2023/12/15 11:00:53 : F2 00 00 00 00 00 00 00 00 DE FF FF F7 FF 00 00
2023/12/15 11:00:53 : 00 01 25 43 F6
2023/12/15 11:00:53 : F2 00 00 00 00 00 00 00 00 DE FF FF F7 FF 00 00 00 01 25 43 F6
2023/12/15 11:00:54 : F2 00 00 00 00 00 00 00 00 DE FF FF F7 FF 00 00 00 01 25 43 F6
2023/12/15 11:00:54 : F2 00 00 00 00 00 00 00 00 DE FF FF F7 FF 00 00 00 01 25 43 F6
2023/12/15 11:00:54 : F2 00 00 00 00 00 00 00 00 DE FF FF F7 FF 00 00 00 01 25 43 F6
2023/12/15 11:00:54 : F2 00 00 00 00 00 00 00 00 DE FF FF F7 FF 00 00 00 01 25 43 F6
2023/12/15 11:00:55 : F2 00 00 00 00 00 00 00 00 DE FF FF F7 FF 00 00 00 01 25 43 F6
2023/12/15 11:00:55 : F2 00 00 00 00 00 00 00 00 DE FF FF F7 FF 00 00 00 01 25 43 F6
2023/12/15 11:00:55 : F2 00 00 00 00 00 00 00 00 DE FF FF F7 FF 00 00 00 01 25 43 F6
2023/12/15 11:00:55 : F2 00 00 00 00 00 00 00 00 DE FF FF F7 FF 00 00 00 01 25 43 F6
2023/12/15 11:00:55 : F2 00 00 00 00 00 00 00 00 DE FF FF F7 FF 00 00 00 01 25 43 F6
2023/12/15 11:00:56 : F2 00 00 00 00 00 00 00 00 DE FF FF F7 FF 00 00 00 01 25 43 F6
2023/12/15 11:00:56 : F2 00 00 00 00 00 00 00 00 DE FF FF F7 FF 00 00 00 01 25 43 F6
2023/12/15 11:00:56 : F2 00 00 00 00 00 00 00 00 DE FF FF F7 FF 00 00 00 01 25 43 F6
2023/12/15 11:00:56 : F2 00 00 00 00 00 00 00 00 DE FF FF F7 FF 00 00 00 01 25 43 F6
2023/12/15 11:00:56 : F2 00 00 00 00 00 00 00 00 DE FF FF F7 FF 00 00 00 01 25 43 F6
2023/12/15 11:00:57 : F2 00 00 00 00 00 00 00 00 DE FF FF F7 FF 00 00 00 01 25 43 F6
2023/12/15 11:00:57 : F2 00 00 00 00 00 00 00 00 DE FF FF F7 FF 00 00 00 01 25 43 F6
2023/12/15 11:00:57 : F2 00 00 00 00 00 00 00 00 DE FF FF F7 FF 00 00 00 01 25 43 F6
2023/12/15 11:00:57 : F2 00 00 00 00 00 00 00 00 DE FF FF F7 FF 00 00 00 01 25 43 F6
2023/12/15 11:00:57 : F2 00 00 00 00 00 00 00 00 DE FF FF F7 FF 00 00 00 01 25 43 F6
2023/12/15 11:00:58 : F2 00 00 00 00 00 00 00 00 DE FF FF F7 FF 00 00 00 01 25 43 F6
2023/12/15 11:00:58 : F2 00 00 00 00 00 00 00 00 DE FF FF F7 FF 00 00 00 01 25 43 F6
2023/12/15 11:00:58 : F2 00 00 00 00 00 00 00 00 DE FF FF F7 FF 00 00 00 01 25 43 F6
2023/12/15 11:00:58 : F2 00 00 00 00 00 00 00 00 DE FF FF F7 FF 00 00 00 01 25 43 F6
2023/12/15 11:00:59 : F2 00 00 00 00 00 00 00 00 DE FF FF F7 FF 00 00 00 01 25 43 F6
2023/12/15 11:00:59 : F2 00 00 00 00 00 00 00 00 DE FF FF F7 FF 00 00 00 01 25 43 F6
2023/12/15 11:00:59 : F2 00 00 00 00 00 00 00 00 DE FF FF F7 FF 00 00 00 01 25 43 F6
2023/12/15 11:00:59 : F2 00 00 00 00 00 00 00 00 DE FF FF F7 FF 00 00 00 01 25 43 F6
2023/12/15 11:00:59 : F2 00 00 00 00 00 00 00 00 DE FF FF F7 FF 00 00 00 01 25 43 F6
2023/12/15 11:01:00 : F2 00 00 00 00 00 00 00 00 DE FF FF F7 FF 00 00 00 01 25 43 F6
2023/12/15 11:01:00 : F2 00 00 00 00 00 00 00 00 DE FF FF F7 FF 00 00 00 01 25 43 F6
2023/12/15 11:01:00 : F2 00 00 00 00 00 00 00 00 DE FF FF F7 FF 00 00 00 01 25 43 F6
2023/12/15 11:01:00 : F2 00 00 00 00 00 00 00 00 DE FF FF F7 FF 00 00 00 01 25 43 F6
2023/12/15 11:01:00 : F2 00 00 00 00 00 00 00 00 DE FF FF F7 FF 00 00 00 01 25 43 F6
2023/12/15 11:01:01 : F2 00 00 00 00 00 00 00 00 DE FF FF F7 FF 00 00 00 01 25 43 F6
2023/12/15 11:01:01 : F2 00 00 00 00 00 00 00 00 DE FF FF F7 FF 00 00 00 01 25 43 F6
2023/12/15 11:01:01 : F2 00 00 00 00 00 00 00 00 DE FF FF F7 FF 00 00 00 01 25 43 F6
2023/12/15 11:01:01 : F2 00 00 00 00 00 00 00 00 DE FF FF F7 FF 00 00 00 01 25 43 F6
2023/12/15 11:01:02 : F2 00 00 00 00 00 00 00 00 DE FF FF F7 FF 00 00 00 01 25 43 F6
2023/12/15 11:01:02 : F2 00 00 00 00 00 00 00 00 DE FF FF F7 FF 00 00 00 01 25 43 F6
2023/12/15 11:01:02 : F2 00 00 00 00 00 00 00 00 DE FF FF F7 FF 00 00 00 01 25 43 F6
2023/12/15 11:01:02 : F2 00 00 00 00 00 00 00 00 DE FF FF F7 FF 00 00 00 01 25 43 F6
2023/12/15 11:01:02 : F2 00 00 00 00 00 00 00 00 DE FF FF F7 FF 00 00 00 01 25 43 F6
2023/12/15 11:01:03 : F2 00 00 00 00 00 00 00 00 DE FF FF F7 FF 00 00 00 01 25 43 F6
2023/12/15 11:01:03 : F2 00 00 00 00 00 00 00 00 DE FF FF F7 FF 00 00 00 01 25 43 F6
2023/12/15 11:01:03 : F2 00 00 00 00 00 00 00 00 DE FF FF F7 FF 00 00 00 01 25 43 F6
2023/12/15 11:01:03 : F2 00 00 00 00 00 00 00 00 DE FF FF F7 FF 00 00 00 01 25 43 F6
2023/12/15 11:01:03 : F2 00 00 00 00 00 00 00 00 DE FF FF F7 FF 00 00 00 01 25 43 F6
2023/12/15 11:01:04 : F2 00 00 00 00 00 00 00 00 DE FF FF F7 FF 00 00 00 01 25 43 F6
2023/12/15 11:01:04 : F2 00 00 00 00 00 00 00 00 DE FF FF F7 FF 00 00 00 01 25 43 F6
2023/12/15 11:01:04 : F2 00 00 00 00 00 00 00 00 DE FF FF F7 FF 00 00 00 01 25 43 F6
2023/12/15 11:01:04 : F2 00 00 00 00 00 00 00 00 DE FF FF F7 FF 00 00 00 01 25 43 F6
2023/12/15 11:01:05 : F2 00 00 00 00 00 00 00 00 DE FF FF F7 FF 00 00 00 01 25 43 F6
2023/12/15 11:01:05 : F2 00 00 00 00 00 00 00 00 DE FF FF F7 FF 00 00 00 01 25 43 F6
2023/12/15 11:01:05 : F2 00 00 00 00 00 00 00 00 DE FF FF F7 FF 00 00 00 01 25 43 F6
2023/12/15 11:01:05 : F2 00 00 00 00 00 00 00 00 DE FF FF F7 FF 00 00 00 01 25 43 F6
2023/12/15 11:01:05 : F2 00 00 00 00 00 00 00 00 DE FF FF F7 FF 00 00 00 01 25 43 F6
2023/12/15 11:01:06 : F2 00 00 00 00 00 00 00 00 DE FF FF F7 FF 00 00 00 01 25 43 F6
2023/12/15 11:01:06 : F2 00 00 00 00 00 00 00 00 DE FF FF F7 FF 00 00 00 01 25 43 F6
2023/12/15 11:01:06 : F2 00 00 00 00 00 00 00 00 DE FF FF F7 FF 00 00 00 01 25 43 F6
2023/12/15 11:01:06 : F2 00 00 00 00 00 00 00 00 DE FF FF F7 FF 00 00 00 01 25 43 F6
2023/12/15 11:01:06 : F2 00 00 00 00 00 00 00 00 DE FF FF F7 FF 00 00 00 01 25 43 F6
2023/12/15 11:01:07 : F2 00 00 00 00 00 00 00 00 DE FF FF F7 FF 00 00 00 01 25 43 F6
2023/12/15 11:01:07 : F2 00 00 00 00 00 00 00 00 DE FF FF F7 FF 00 00 00 01 25 43 F6
2023/12/15 11:01:07 : F2 00 00 00 00 00 00 00 00 DE FF FF F7 FF 00 00 00 01 25 43 F6
2023/12/15 11:01:07 : F2 00 00 00 00 00 00 00 00 DE FF FF F7 FF 00 00 00 01 25 43 F6
2023/12/15 11:01:07 : F2 00 00 00 00 00 00 00 00 DE FF FF F7 FF 00 00 00 01 25 43 F6
2023/12/15 11:01:08 : F2 00 00 00 00 00 00 00 00 DE FF FF F7 FF 00 00 00 01 25 43 F6
2023/12/15 11:01:08 : F2 00 00 00 00 00 00 00 00 DE FF FF F7 FF 00 00 00 01 25 43 F6
2023/12/15 11:01:08 : F2 00 00 00 00 00 00 00 00 DE FF FF F7 FF 00 00 00 01 25 43 F6
2023/12/15 11:01:08 : F2 00 00 00 00 00 00 00 00 DE FF FF F7 FF 00 00 00 01 25 43 F6
2023/12/15 11:01:08 : F2 00 00 00 00 00 00 00 00 DE FF FF F7 FF 00 00 00 01 25 43 F6
2023/12/15 11:01:09 : F2 00 00 00 00 00 00 00 00 DE FF FF F7 FF 00 00 00 01 25 43 F6
2023/12/15 11:01:09 : F2 00 00 00 00 00 00 00 00 DE FF FF F7 FF 00 00 00 01 25 43 F6
2023/12/15 11:01:09 : F2 00 00 00 00 00 00 00 00 DE FF FF F7 FF 00 00 00 01 25 43 F6
2023/12/15 11:01:09 : F2 00 00 00 00 00 00 00 00 DE FF FF F7 FF 00 00 00 01 25 43 F6
2023/12/15 11:01:09 : F2 00 00 00 00 00 00 00 00 DE FF FF F7 FF 00 00 00 01 25 43 F6
2023/12/15 11:01:10 : F2 00 00 00 00 00 00 00 00 DE FF FF F7 FF 00 00 00 01 25 43 F6
2023/12/15 11:01:10 : F2 00 00 00 00 00 00 00 00 DE FF FF F7 FF 00 00 00 01 25 43 F6
2023/12/15 11:01:10 : F2 00 00 00 00 00 00 00 00 DE FF FF F7 FF 00 00 00 01 25 43 F6
2023/12/15 11:01:10 : F2 00 00 00 00 00 00 00 00 DE FF FF F7 FF 00 00 00 01 25 43 F6
2023/12/15 11:01:11 : F2 00 00 00 00 00 00 00 00 DE FF FF F7 FF 00 00 00 01 25 43 F6
2023/12/15 11:01:11 : F2 00 00 00 00 00 00 00 00 DE FF FF F7 FF 00 00 00 01 25 43 F6
2023/12/15 11:01:11 : F2 00 00 00 00 00 00 00 00 DE FF FF F7 FF 00 00 00 01 25 43 F6
2023/12/15 11:01:11 : F2 00 00 00 00 00 00 00 00 DE FF FF F7 FF 00 00 00 01 25 43 F6
2023/12/15 11:01:11 : F2 00 00 00 00 00 00 00 00 DE FF FF F7 FF 00 00 00 01 25 43 F6
2023/12/15 11:01:12 : F2 00 00 00 00 00 00 00 00 DE FF FF F7 FF 00 00 00 01 25 43 F6
2023/12/15 11:01:12 : F2 00 00 00 00 00 00 00 00 DE FF FF F7 FF 00 00 00 01 25 43 F6
2023/12/15 11:01:12 : F2 00 00 00 00 00 00 00 00 DE FF FF F7 FF 00 00 00 01 25 43 F6
2023/12/15 11:01:12 : F2 00 00 00 00 00 00 00 00 DE FF FF F7 FF 00 00 00 01 25 43 F6
2023/12/15 11:01:12 : F2 00 00 00 00 00 00 00 00 DE FF FF F7 FF 00 00 00 01 25 43 F6
2023/12/15 11:01:13 : F2 00 00 00 00 00 00 00 00 DE FF FF F7 FF 00 00 00 01 25 43 F6
2023/12/15 11:01:13 : F2 00 00 00 00 00 00 00 00 DE FF FF F7 FF 00 00 00 01 25 43 F6
2023/12/15 11:01:13 : F2 00 00 00 00 00 00 00 00 DE FF FF F7 FF 00 00 00 01 25 43 F6
2023/12/15 11:01:13 : F2 00 00 00 00 00 00 00 00 DE FF FF F7 FF 00 00 00 01 25 43 F6
2023/12/15 11:01:13 : F2 00 00 00 00 00 00 00 00 DE FF FF F7 FF 00 00 00 01 25 43 F6
2023/12/15 11:01:14 : F2 00 00 00 00 00 00 00 00 DE FF FF F7 FF 00 00 00 01 25 43 F6
2023/12/15 11:01:14 : F2 00 00 00 00 00 00 00 00 DE FF FF F7 FF 00 00 00 01 25 43 F6
2023/12/15 11:01:14 : F2 00 00 00 00 00 00 00 00 DE FF FF F7 FF 00 00 00 01 25 43 F6
2023/12/15 11:01:14 : F2 00 00 00 00 00 00 00 00 DE FF FF F7 FF 00 00 00 01 25 43 F6
2023/12/15 11:01:15 : F2 00 00 00 00 00 00 00 00 DE FF FF F7 FF 00 00 00 01 25 43 F6
2023/12/15 11:01:15 : F2 00 00 00 00 00 00 00 00 DE FF FF F7 FF 00 00 00 01 25 43 F6
2023/12/15 11:01:15 : F2 00 00 00 00 00 00 00 00 DE FF FF F7 FF 00 00 00 01 25 43 F6
2023/12/15 11:01:15 : F2 00 00 00 00 00 00 00 00 DE FF FF F7 FF 00 00 00 01 25 43 F6
2023/12/15 11:01:15 : F2 00 00 00 00 00 00 00 00 DE FF FF F7 FF 00 00 00 01 25 43 F6
2023/12/15 11:01:16 : F2 00 00 00 00 00 00 00 00 DE FF FF F7 FF 00 00 00 01 25 43 F6
2023/12/15 11:01:16 : F2 00 00 00 00 00 00 00 00 DE FF FF F7 FF 00 00 00 01 25 43 F6
2023/12/15 11:01:16 : F2 00 00 00 00 00 00 00 00 DE FF FF F7 FF 00 00 00 01 25 43 F6
2023/12/15 11:01:16 : F2 00 00 00 00 00 00 00 00 DE FF FF F7 FF 00 00 00 01 25 43 F6
2023/12/15 11:01:16 : F2 00 00 00 00 00 00 00 00 DE FF FF F7 FF 00 00 00 01 25 43 F6
2023/12/15 11:01:17 : F2 00 00 00 00 00 00 00 00 DE FF FF F7 FF 00 00 00 01 25 43 F6
2023/12/15 11:01:17 : F2 00 00 00 00 00 00 00 00 DE FF FF F7 FF 00 00 00 01 25 43 F6
2023/12/15 11:01:17 : F2 00 00 00 00 00 00 00 00 DE FF FF F7 FF 00 00 00 01 25 43 F6
2023/12/15 11:01:17 : F2 00 00 00 00 00 00 00 00 DE FF FF F7 FF 00 00 00 01 25 43 F6
2023/12/15 11:01:17 : F2 00 00 00 00 00 00 00 00 DE FF FF F7 FF 00 00 00 01 25 43 F6
2023/12/15 11:01:18 : F2 00 00 00 00 00 00 00 00 DE FF FF F7 FF 00 00 00 01 25 43 F6
2023/12/15 11:01:18 : F2 00 00 00 00 00 00 00 00 DE FF FF F7 FF 00 00 00 01 25 43 F6
2023/12/15 11:01:18 : F2 00 00 00 00 00 00 00 00 DE FF FF F7 FF 00 00 00 01 25 43 F6
2023/12/15 11:01:18 : F2 00 00 00 00 00 00 00 00 DE FF FF F7 FF 00 00 00 01 25 43 F6
2023/12/15 11:01:18 : F2 00 00 00 00 00 00 00 00 DE FF FF F7 FF 00 00 00 01 25 43 F6
2023/12/15 11:01:19 : F2 00 00 00 00 00 00 00 00 DE FF FF F7 FF 00 00 00 01 25 43 F6
2023/12/15 11:01:19 : F2 00 00 00 00 00 00 00 00 DE FF FF F7 FF 00 00 00 01 25 43 F6
2023/12/15 11:01:19 : F2 00 00 00 00 00 00 00 00 DE FF FF F7 FF 00 00 00 01 25 43 F6
2023/12/15 11:01:19 : F2 00 00 00 00 00 00 00 00 DE FF FF F7 FF 00 00 00 01 25 43 F6
2023/12/15 11:01:20 : F2 00 00 00 00 00 00 00 00 DE FF FF F7 FF 00 00 00 01 25 43 F6
2023/12/15 11:01:20 : F2 00 00 00 00 00 00 00 00 DE FF FF F7 FF 00 00 00 01 25 43 F6
2023/12/15 11:01:20 : F2 00 00 00 00 00 00 00 00 DE FF FF F7 FF 00 00 00 01 25 43 F6
2023/12/15 11:01:20 : F2 00 00 00 00 00 00 00 00 DE FF FF F7 FF 00 00 00 01 25 43 F6
2023/12/15 11:01:20 : F2 00 00 00 00 00 00 00 00 DE FF FF F7 FF 00 00 00 01 25 43 F6
2023/12/15 11:01:21 : F2 00 00 00 00 00 00 00 00 DE FF FF F7 FF 00 00 00 01 25 43 F6
2023/12/15 11:01:21 : F2 00 00 00 00 00 00 00 00 DE FF FF F7 FF 00 00 00 01 25 43 F6
2023/12/15 11:01:21 : F2 00 00 00 00 00 00 00 00 DE FF FF F7 FF 00 00 00 01 25 43 F6
2023/12/15 11:01:21 : F2 00 00 00 00 00 00 00 00 DE FF FF F7 FF 00 00 00 01 25 43 F6
2023/12/15 11:01:21 : F2 00 00 00 00 00 00 00 00 DE FF FF F7 FF 00 00 00 01 25 43 F6
2023/12/15 11:01:22 : F2 00 00 00 00 00 00 00 00 DE FF FF F7 FF 00 00 00 01 25 43 F6
2023/12/15 11:01:22 : F2 00 00 00 00 00 00 00 00 DE FF FF F7 FF 00 00 00 01 25 43 F6
2023/12/15 11:01:22 : F2 00 00 00 00 00 00 00 00 DE FF FF F7 FF 00 00 00 01 25 43 F6
2023/12/15 11:01:22 : F2 00 00 00 00 00 00 00 00 DE FF FF F7 FF 00 00 00 01 25 43 F6
2023/12/15 11:01:23 : F2 00 00 00 00 00 00 00 00 DE FF FF F7 FF 00 00 00 01 25 43 F6
2023/12/15 11:01:23 : F2 00 00 00 00 00 00 00 00 DE FF FF F7 FF 00 00 00 01 25 43 F6
2023/12/15 11:01:23 : F2 00 00 00 00 00 00 00 00 DE FF FF F7 FF 00 00 00 01 25 43 F6
2023/12/15 11:01:23 : F2 00 00 00 00 00 00 00 00 DE FF FF F7 FF 00 00 00 01 25 43 F6
2023/12/15 11:01:23 : F2 00 00 00 00 00 00 00 00 DE FF FF F7 FF 00 00 00 01 25 43 F6
2023/12/15 11:01:24 : F2 00 00 00 00 00 00 00 00 DE FF FF F7 FF 00 00 00 01 25 43 F6
2023/12/15 11:01:24 : F2 00 00 00 00 00 00 00 00 DE FF FF F7 FF 00 00 00 01 25 43 F6
2023/12/15 11:01:24 : F2 00 00 00 00 00 00 00 00 DE FF FF F7 FF 00 00 00 01 25 43 F6
2023/12/15 11:01:24 : F2 00 00 00 00 00 00 00 00 DE FF FF F7 FF 00 00 00 01 25 43 F6
2023/12/15 11:01:24 : F2 00 00 00 00 00 00 00 00 DE FF FF F7 FF 00 00 00 01 25 43 F6
2023/12/15 11:01:25 : F2 00 00 00 00 00 00 00 00 DE FF FF F7 FF 00 00 00 01 25 43 F6
2023/12/15 11:01:25 : F2 00 00 00 00 00 00 00 00 DE FF FF F7 FF 00 00 00 01 25 43 F6
2023/12/15 11:01:25 : F2 00 00 00 00 00 00 00 00 DE FF FF F7 FF 00 00 00 01 25 43 F6
2023/12/15 11:01:25 : F2 00 00 00 00 00 00 00 00 DE FF FF F7 FF 00 00 00 01 25 43 F6
2023/12/15 11:01:26 : F2 00 00 00 00 00 00 00 00 DE FF FF F7 FF 00 00 00 01 25 43 F6
2023/12/15 11:01:26 : F2 00 00 00 00 00 00 00 00 DE FF FF F7 FF 00 00 00 01 25 43 F6
2023/12/15 11:01:26 : F2 00 00 00 00 00 00 00 00 DE FF FF F7 FF 00 00 00 01 25 43 F6
2023/12/15 11:01:26 : F2 00 00 00 00 00 00 00 00 DE FF FF F7 FF 00 00 00 01 25 43 F6
2023/12/15 11:01:26 : F2 00 00 00 00 00 00 00 00 DE FF FF F7 FF 00 00 00 01 25 43 F6
2023/12/15 11:01:27 : F2 00 00 00 00 00 00 00 00 DE FF FF F7 FF 00 00 00 01 25 43 F6
2023/12/15 11:01:27 : F2 00 00 00 00 00 00 00 00 DE FF FF F7 FF 00 00 00 01 25 43 F6
2023/12/15 11:01:27 : F2 00 00 00 00 00 00 00 00 DE FF FF F7 FF 00 00 00 01 25 43 F6
2023/12/15 11:01:27 : F2 00 00 00 00 00 00 00 00 DE FF FF F7 FF 00 00 00 01 25 43 F6
2023/12/15 11:01:27 : F2 00 00 00 00 00 00 00 00 DE FF FF F7 FF 00 00 00 01 25 43 F6
2023/12/15 11:01:28 : F2 00 00 00 00 00 00 00 00 DE FF FF F7 FF 00 00 00 01 25 43 F6
2023/12/15 11:01:28 : F2 00 00 00 00 00 00 00 00 DE FF FF F7 FF 00 00 00 01 25 43 F6
2023/12/15 11:01:28 : F2 00 00 00 00 00 00 00 00 DE FF FF F7 FF 00 00 00 01 25 43 F6
2023/12/15 11:01:28 : F2 00 00 00 00 00 00 00 00 DE FF FF F7 FF 00 00 00 01 25 43 F6
2023/12/15 11:01:29 : F2 00 00 00 00 00 00 00 00 DE FF FF F7 FF 00 00 00 01 25 43 F6
2023/12/15 11:01:29 : F2 00 00 00 00 00 00 00 00 DE FF FF F7 FF 00 00 00 01 25 43 F6
2023/12/15 11:01:29 : F2 00 00 00 00 00 00 00 00 DE FF FF F7 FF 00 00 00 01 25 43 F6
2023/12/15 11:01:29 : F2 00 00 00 00 00 00 00 00 DE FF FF F7 FF 00 00 00 01 25 43 F6
2023/12/15 11:01:29 : F2 00 00 00 00 00 00 00 00 DE FF FF F7 FF 00 00 00 01 25 43 F6
2023/12/15 11:01:30 : F2 00 00 00 00 00 00 00 00 DE FF FF F7 FF 00 00
2023/12/15 11:01:30 : 00 01 25 43 F6
2023/12/15 11:01:30 : F2 00 00 00 00 00 00 00 00 DE FF FF F7 FF 00 00 00 01 25 43 F6
2023/12/15 11:01:30 : F2 00 00 00 00 00 00 00 00 DE FF FF F7 FF 00 00 00 01 25 43 F6
2023/12/15 11:01:30 : F2 00 00 00 00 00 00 00 00 DE FF FF F7 FF 00 00 00 01 25 43 F6
2023/12/15 11:01:30 : F2 00 00 00 00 00 00 00 00 DE FF FF F7 FF 00 00 00 01 25 43 F6
2023/12/15 11:01:31 : F2 00 00 00 00 00 00 00 00 DE FF FF F7 FF 00 00 00 01 25 43 F6
2023/12/15 11:01:31 : F2 00 00 00 00 00 00 00 00 DE FF FF F7 FF 00 00 00 01 25 43 F6
2023/12/15 11:01:31 : F2 00 00 00 00 00 00 00 00 DE FF FF F7 FF 00 00 00 01 25 43 F6
2023/12/15 11:01:31 : F2 00 00 00 00 00 00 00 00 DE FF FF F7 FF 00 00 00 01 25 43 F6
2023/12/15 11:01:31 : F2 00 00 00 00 00 00 00 00 DE FF FF F7 FF 00 00 00 01 25 43 F6
2023/12/15 11:01:32 : F2 00 00 00 00 00 00 00 00 DE FF FF F7 FF 00 00 00 01 25 43 F6
2023/12/15 11:01:32 : F2 00 00 00 00 00 00 00 00 DE FF FF F7 FF 00 00 00 01 25 43 F6
2023/12/15 11:01:32 : F2 00 00 00 00 00 00 00 00 DE FF FF F7 FF 00 00 00 01 25 43 F6
2023/12/15 11:01:32 : F2 00 00 00 00 00 00 00 00 DE FF FF F7 FF 00 00 00 01 25 43 F6
2023/12/15 11:01:32 : F2 00 00 00 00 00 00 00 00 DE FF FF F7 FF 00 00 00 01 25 43 F6
2023/12/15 11:01:33 : F2 00 00 00 00 00 00 00 00 DE FF FF F7 FF 00 00 00 01 25 43 F6
2023/12/15 11:01:33 : F2 00 00 00 00 00 00 00 00 DE FF FF F7 FF 00 00 00 01 25 43 F6
2023/12/15 11:01:33 : F2 00 00 00 00 00 00 00 00 DE FF FF F7 FF 00 00 00 01 25 43 F6
2023/12/15 11:01:33 : F2 00 00 00 00 00 00 00 00 DE FF FF F7 FF 00 00 00 01 25 43 F6
2023/12/15 11:01:34 : F2 00 00 00 00 00 00 00 00 DE FF FF F7 FF 00 00 00 01 25 43 F6
2023/12/15 11:01:34 : F2 00 00 00 00 00 00 00 00 DE FF FF F7 FF 00 00 00 01 25 43 F6
2023/12/15 11:01:34 : F2 00 00 00 00 00 00 00 00 DE FF FF F7 FF 00 00 00 01 25 43 F6
2023/12/15 11:01:34 : F2 00 00 00 00 00 00 00 00 DE FF FF F7 FF 00 00 00 01 25 43 F6
2023/12/15 11:01:34 : F2 00 00 00 00 00 00 00 00 DE FF FF F7 FF 00 00 00 01 25 43 F6
2023/12/15 11:01:35 : F2 00 00 00 00 00 00 00 00 DE FF FF F7 FF 00 00 00 01 25 43 F6
2023/12/15 11:01:35 : F2 00 00 00 00 00 00 00 00 DE FF FF F7 FF 00 00 00 01 25 43 F6
2023/12/15 11:01:35 : F2 00 00 00 00 00 00 00 00 DE FF FF F7 FF 00 00 00 01 25 43 F6
2023/12/15 11:01:35 : F2 00 00 00 00 00 00 00 00 DE FF FF F7 FF 00 00 00 01 25 43 F6
2023/12/15 11:01:35 : F2 00 00 00 00 00 00 00 00 DE FF FF F7 FF 00 00 00 01 25 43 F6
2023/12/15 11:01:36 : F2 00 00 00 00 00 00 00 00 DE FF FF F7 FF 00 00 00 01 25 43 F6
2023/12/15 11:01:36 : F2 00 00 00 00 00 00 00 00 DE FF FF F7 FF 00 00 00 01 25 43 F6
2023/12/15 11:01:36 : F2 00 00 00 00 00 00 00 00 DE FF FF F7 FF 00 00 00 01 25 43 F6
2023/12/15 11:01:36 : F2 00 00 00 00 00 00 00 00 DE FF FF F7 FF 00 00 00 01 25 43 F6
2023/12/15 11:01:36 : F2 00 00 00 00 00 00 00 00 DE FF FF F7 FF 00 00 00 01 25 43 F6
2023/12/15 11:01:37 : F2 00 00 00 00 00 00 00 00 DE FF FF F7 FF 00 00 00 01 25 43 F6
2023/12/15 11:01:37 : F2 00 00 00 00 00 00 00 00 DE FF FF F7 FF 00 00 00 01 25 43 F6
2023/12/15 11:01:37 : F2 00 00 00 00 00 00 00 00 DE FF FF F7 FF 00 00 00 01 25 43 F6
2023/12/15 11:01:37 : F2 00 00 00 00 00 00 00 00 DE FF FF F7 FF 00 00 00 01 25 43 F6
2023/12/15 11:01:38 : F2 00 00 00 00 00 00 00 00 DE FF FF F7 FF 00 00 00 01 25 43 F6
2023/12/15 11:01:38 : F2 00 00 00 00 00 00 00 00 DE FF FF F7 FF 00 00 00 01 25 43 F6
2023/12/15 11:01:38 : F2 00 00 00 00 00 00 00 00 DE FF FF F7 FF 00 00 00 01 25 43 F6
2023/12/15 11:01:38 : F2 00 00 00 00 00 00 00 00 DE FF FF F7 FF 00 00 00 01 25 43 F6
2023/12/15 11:01:38 : F2 00 00 00 00 00 00 00 00 DE FF FF F7 FF 00 00 00 01 25 43 F6
2023/12/15 11:01:39 : F2 00 00 00 00 00 00 00 00 DE FF FF F7 FF 00 00 00 01 25 43 F6
2023/12/15 11:01:39 : F2 00 00 00 00 00 00 00 00 DE FF FF F7 FF 00 00 00 01 25 43 F6
2023/12/15 11:01:39 : F2 00 00 00 00 00 00 00 00 DE FF FF F7 FF 00 00 00 01 25 43 F6
2023/12/15 11:01:39 : F2 00 00 00 00 00 00 00 00 DE FF FF F7 FF 00 00 00 01 25 43 F6
2023/12/15 11:01:39 : F2 00 00 00 00 00 00 00 00 DE FF FF F7 FF 00 00 00 01 25 43 F6
2023/12/15 11:01:40 : F2 00 00 00 00 00 00 00 00 DE FF FF F7 FF 00 00 00 01 25 43 F6
2023/12/15 11:01:40 : F2 00 00 00 00 00 00 00 00 DE FF FF F7 FF 00 00 00 01 25 43 F6
2023/12/15 11:01:40 : F2 00 00 00 00 00 00 00 00 DE FF FF F7 FF 00 00 00 01 25 43 F6
2023/12/15 11:01:40 : F2 00 00 00 00 00 00 00 00 DE FF FF F7 FF 00 00 00 01 25 43 F6
2023/12/15 11:01:41 : F2 00 00 00 00 00 00 00 00 DE FF FF F7 FF 00 00 00 01 25 43 F6
2023/12/15 11:01:41 : F2 00 00 00 00 00 00 00 00 DE FF FF F7 FF 00 00 00 01 25 43 F6
2023/12/15 11:01:41 : F2 00 00 00 00 00 00 00 00 DE FF FF F7 FF 00 00 00 01 25 43 F6
2023/12/15 11:01:41 : F2 00 00 00 00 00 00 00 00 DE FF FF F7 FF 00 00 00 01 25 43 F6
2023/12/15 11:01:41 : F2 00 00 00 00 00 00 00 00 DE FF FF F7 FF 00 00 00 01 25 43 F6
2023/12/15 11:01:42 : F2 00 00 00 00 00 00 00 00 DE FF FF F7 FF 00 00 00 01 25 43 F6
2023/12/15 11:01:42 : F2 00 00 00 00 00 00 00 00 DE FF FF F7 FF 00 00 00 01 25 43 F6
2023/12/15 11:01:42 : F2 00 00 00 00 00 00 00 00 DE FF FF F7 FF 00 00 00 01 25 43 F6
2023/12/15 11:01:42 : F2 00 00 00 00 00 00 00 00 DE FF FF F7 FF 00 00 00 01 25 43 F6
2023/12/15 11:01:42 : F2 00 00 00 00 00 00 00 00 DE FF FF F7 FF 00 00 00 01 25 43 F6
2023/12/15 11:01:43 : F2 00 00 00 00 00 00 00 00 DE FF FF F7 FF 00 00 00 01 25 43 F6
2023/12/15 11:01:43 : F2 00 00 00 00 00 00 00 00 DE FF FF F7 FF 00 00 00 01 25 43 F6
2023/12/15 11:01:43 : F2 00 00 00 00 00 00 00 00 DE FF FF F7 FF 00 00 00 01 25 43 F6
2023/12/15 11:01:43 : F2 00 00 00 00 00 00 00 00 DE FF FF F7 FF 00 00 00 01 25 43 F6
2023/12/15 11:01:44 : F2 00 00 00 00 00 00 00 00 DE FF FF F7 FF 00 00 00 01 25 43 F6
2023/12/15 11:01:44 : F2 00 00 00 00 00 00 00 00 DE FF FF F7 FF 00 00 00 01 25 43 F6
2023/12/15 11:01:44 : F2 00 00 00 00 00 00 00 00 DE FF FF F7 FF 00 00 00 01 25 43 F6
2023/12/15 11:01:44 : F2 00 00 00 00 00 00 00 00 DE FF FF F7 FF 00 00 00 01 25 43 F6
2023/12/15 11:01:44 : F2 00 00 00 00 00 00 00 00 DE FF FF F7 FF 00 00 00 01 25 43 F6
2023/12/15 11:01:45 : F2 00 00 00 00 00 00 00 00 DE FF FF F7 FF 00 00 00 01 25 43 F6
2023/12/15 11:01:45 : F2 00 00 00 00 00 00 00 00 DE FF FF F7 FF 00 00 00 01 25 43 F6
2023/12/15 11:01:45 : F2 00 00 00 00 00 00 00 00 DE FF FF F7 FF 00 00 00 01 25 43 F6
2023/12/15 11:01:45 : F2 00 00 00 00 00 00 00 00 DE FF FF F7 FF 00 00 00 01 25 43 F6
2023/12/15 11:01:45 : F2 00 00 00 00 00 00 00 00 DE FF FF F7 FF 00 00 00 01 25 43 F6
2023/12/15 11:01:46 : F2 00 00 00 00 00 00 00 00 DE FF FF F7 FF 00 00 00 01 25 43 F6
2023/12/15 11:01:46 : F2 00 00 00 00 00 00 00 00 DE FF FF F7 FF 00 00 00 01 25 43 F6
2023/12/15 11:01:46 : F2 00 00 00 00 00 00 00 00 DE FF FF F7 FF 00 00 00 01 25 43 F6
2023/12/15 11:01:46 : F2 00 00 00 00 00 00 00 00 DE FF FF F7 FF 00 00 00 01 25 43 F6
2023/12/15 11:01:46 : F2 00 00 00 00 00 00 00 00 DE FF FF F7 FF 00 00 00 01 25 43 F6
2023/12/15 11:01:47 : F2 00 00 00 00 00 00 00 00 DE FF FF F7 FF 00 00 00 01 25 43 F6
2023/12/15 11:01:47 : F2 00 00 00 00 00 00 00 00 DE FF FF F7 FF 00 00 00 01 25 43 F6
2023/12/15 11:01:47 : F2 00 00 00 00 00 00 00 00 DE FF FF F7 FF 00 00 00 01 25 43 F6
2023/12/15 11:01:47 : F2 00 00 00 00 00 00 00 00 DE FF FF F7 FF 00 00 00 01 25 43 F6
2023/12/15 11:01:48 : F2 00 00 00 00 00 00 00 00 DE FF FF F7 FF 00 00 00 01 25 43 F6
2023/12/15 11:01:48 : F2 00 00 00 00 00 00 00 00 DE FF FF F7 FF 00 00 00 01 25 43 F6
2023/12/15 11:01:48 : F2 00 00 00 00 00 00 00 00 DE FF FF F7 FF 00 00 00 01 25 43 F6
2023/12/15 11:01:48 : F2 00 00 00 00 00 00 00 00 DE FF FF F7 FF 00 00 00 01 25 43 F6
2023/12/15 11:01:48 : F2 00 00 00 00 00 00 00 00 DE FF FF F7 FF 00 00 00 01 25 43 F6
2023/12/15 11:01:49 : F2 00 00 00 00 00 00 00 00 DE FF FF F7 FF 00 00 00 01 25 43 F6
2023/12/15 11:01:49 : F2 00 00 00 00 00 00 00 00 DE FF FF F7 FF 00 00 00 01 25 43 F6
2023/12/15 11:01:49 : F2 00 00 00 00 00 00 00 00 DE FF FF F7 FF 00 00 00 01 25 43 F6
2023/12/15 11:01:49 : F2 00 00 00 00 00 00 00 00 DE FF FF F7 FF 00 00 00 01 25 43 F6
2023/12/15 11:01:49 : F2 00 00 00 00 00 00 00 00 DE FF FF F7 FF 00 00 00 01 25 43 F6
2023/12/15 11:01:50 : F2 00 00 00 00 00 00 00 00 DE FF FF F7 FF 00 00 00 01 25 43 F6
2023/12/15 11:01:50 : F2 00 00 00 00 00 00 00 00 DE FF FF F7 FF 00 00 00 01 25 43 F6
2023/12/15 11:01:50 : F2 00 00 00 00 00 00 00 00 DE FF FF F7 FF 00 00 00 01 25 43 F6
2023/12/15 11:01:50 : F2 00 00 00 00 00 00 00 00 DE FF FF F7 FF 00 00 00 01 25 43 F6
2023/12/15 11:01:50 : F2 00 00 00 00 00 00 00 00 DE FF FF F7 FF 00 00 00 01 25 43 F6
2023/12/15 11:01:51 : F2 00 00 00 00 00 00 00 00 DE FF FF F7 FF 00 00 00 01 25 43 F6
2023/12/15 11:01:51 : F2 00 00 00 00 00 00 00 00 DE FF FF F7 FF 00 00 00 01 25 43 F6
2023/12/15 11:01:51 : F2 00 00 00 00 00 00 00 00 DE FF FF F7 FF 00 00 00 01 25 43 F6
2023/12/15 11:01:51 : F2 00 00 00 00 00 00 00 00 DE FF FF F7 FF 00 00 00 01 25 43 F6
2023/12/15 11:01:51 : F2 00 00 00 00 00 00 00 00 DE FF FF F7 FF 00 00 00 01 25 43 F6
2023/12/15 11:01:52 : F2 00 00 00 00 00 00 00 00 DE FF FF F7 FF 00 00
2023/12/15 11:01:52 : 00 01 25 43 F6
2023/12/15 11:01:52 : F2 00 00 00 00 00 00 00 00 DE FF FF F7 FF 00 00 00 01 25 43 F6
2023/12/15 11:01:52 : F2 00 00 00 00 00 00 00 00 DE FF FF F7 FF 00 00 00 01 25 43 F6
2023/12/15 11:01:52 : F2 00 00 00 00 00 00 00 00 DE FF FF F7 FF 00 00 00 01 25 43 F6
2023/12/15 11:01:53 : F2 00 00 00 00 00 00 00 00 DE FF FF F7 FF 00 00 00 01 25 43 F6
2023/12/15 11:01:53 : F2 00 00 00 00 00 00 00 00 DE FF FF F7 FF 00 00 00 01 25 43 F6
2023/12/15 11:01:53 : F2 00 00 00 00 00 00 00 00 DE FF FF F7 FF 00 00 00 01 25 43 F6
2023/12/15 11:01:53 : F2 00 00 00 00 00 00 00 00 DE FF FF F7 FF 00 00 00 01 25 43 F6
2023/12/15 11:01:53 : F2 00 00 00 00 00 00 00 00 DE FF FF F7 FF 00 00 00 01 25 43 F6
2023/12/15 11:01:54 : F2 00 00 00 00 00 00 00 00 DE FF FF F7 FF 00 00 00 01 25 43 F6
2023/12/15 11:01:54 : F2 00 00 00 00 00 00 00 00 DE FF FF F7 FF 00 00 00 01 25 43 F6
2023/12/15 11:01:54 : F2 00 00 00 00 00 00 00 00 DE FF FF F7 FF 00 00 00 01 25 43 F6
2023/12/15 11:01:54 : F2 00 00 00 00 00 00 00 00 DE FF FF F7 FF 00 00 00 01 25 43 F6
2023/12/15 11:01:54 : F2 00 00 00 00 00 00 00 00 DE FF FF F7 FF 00 00 00 01 25 43 F6
2023/12/15 11:01:55 : F2 00 00 00 00 00 00 00 00 DE FF FF F7 FF 00 00 00 01 25 43 F6
2023/12/15 11:01:55 : F2 00 00 00 00 00 00 00 00 DE FF FF F7 FF 00 00 00 01 25 43 F6
2023/12/15 11:01:55 : F2 00 00 00 00 00 00 00 00 DE FF FF F7 FF 00 00 00 01 25 43 F6
2023/12/15 11:01:55 : F2 00 00 00 00 00 00 00 00 DE FF FF F7 FF 00 00 00 01 25 43 F6
2023/12/15 11:01:56 : F2 00 00 00 00 00 00 00 00 DE FF FF F7 FF 00 00 00 01 25 43 F6
2023/12/15 11:01:59 : F2 00 00 00 00 00 00 00 00 DE FF FF F7 FF 00 00 00 01 25 43 F6
2023/12/15 11:09:33 : F2 00 00 00 00 00 00 00 00 02 00 00 00 00 00 00 00 01 11 AA F6
2023/12/15 11:09:36 : F2 00 00 00 00 00 00 00 00 02 00 00 00 00 00 00 00 01 11 AA F6
2023/12/15 11:09:38 : F2 00 00 00 00 00 00 00 00 02 00 00 00 00 00 00 00 01 11 AA F6
2023/12/15 11:10:23 : F2 00 00 00 00 00 00 00 00 02 00 00 00 00 00 00 00 01 11 AA F6
2023/12/15 11:15:34 : F2 00 00 00 00 00 00 00 00 DE FF FF F7 FF 00 00 00 01 25 43 F6
2023/12/15 11:16:34 : F2 00 00 00 00 00 00 00 00 DE FF FF F7 FF 00 00 00 01 25 43 F6
2023/12/15 11:16:34 : F2 00 00 00 00 00 00 00 00 DE FF FF F7 FF 00 00 00 01 25 43 F6
2023/12/15 11:16:35 : F2 00 00 00 00 00 00 00 00 DE FF FF F7 FF 00 00 00 01 25 43 F6
2023/12/15 11:16:36 : F2 00 00 00 00 00 00 00 00 DE FF FF F7 FF 00 00 00 01 25 43 F6
2023/12/15 11:16:37 : F2 00 00 00 00 00 00 00 00 DE FF FF F7 FF 00 00 00 01 25 43 F6
2023/12/15 11:16:38 : F2 00 00 00 00 00 00 00 00 DE FF FF F7 FF 00 00 00 01 25 43 F6
2023/12/15 11:16:39 : F2 00 00 00 00 00 00 00 00 DE FF FF F7 FF 00 00 00 01 25 43 F6
2023/12/15 11:16:40 : F2 00 00 00 00 00 00 00 00 DE FF FF F7 FF 00 00 00 01 25 43 F6
2023/12/15 11:16:41 : F2 00 00 00 00 00 00 00 00 DE FF FF F7 FF 00 00 00 01 25 43 F6
2023/12/15 11:16:43 : F2 00 00 00 00 00 00 00 00 DE FF FF F7 FF 00 00 00 01 25 43 F6
2023/12/15 11:16:44 : F2 00 00 00 00 00 00 00 00 DE FF FF F7 FF 00 00 00 01 25 43 F6
2023/12/15 11:16:45 : F2 00 00 00 00 00 00 00 00 DE FF FF F7 FF 00 00 00 01 25 43 F6
2023/12/15 11:16:46 : F2 00 00 00 00 00 00 00 00 DE FF FF F7 FF 00 00 00 01 25 43 F6
2023/12/15 11:16:47 : F2 00 00 00 00 00 00 00 00 DE FF FF F7 FF 00 00 00 01 25 43 F6
2023/12/15 11:16:48 : F2 00 00 00 00 00 00 00 00 DE FF FF F7 FF 00 00 00 01 25 43 F6
2023/12/15 11:16:49 : F2 00 00 00 00 00 00 00 00 DE FF FF F7 FF 00 00 00 01 25 43 F6
2023/12/15 11:16:50 : F2 00 00 00 00 00 00 00 00 DE FF FF F7 FF 00 00 00 01 25 43 F6
2023/12/15 11:16:51 : F2 00 00 00 00 00 00 00 00 DE FF FF F7 FF 00 00 00 01 25 43 F6
2023/12/15 11:16:52 : F2 00 00 00 00 00 00 00 00 DE FF FF F7 FF 00 00 00 01 25 43 F6
2023/12/15 11:16:53 : F2 00 00 00 00 00 00 00 00 DE FF FF F7 FF 00 00 00 01 25 43 F6
2023/12/15 11:16:54 : F2 00 00 00 00 00 00 00 00 DE FF FF F7 FF 00 00 00 01 25 43 F6
2023/12/15 11:16:55 : F2 00 00 00 00 00 00 00 00 DE FF FF F7 FF 00 00 00 01 25 43 F6
2023/12/15 11:16:56 : F2 00 00 00 00 00 00 00 00 DE FF FF F7 FF 00 00 00 01 25 43 F6
2023/12/15 11:16:57 : F2 00 00 00 00 00 00 00 00 DE FF FF F7 FF 00 00 00 01 25 43 F6
2023/12/15 11:16:58 : F2 00 00 00 00 00 00 00 00 DE FF FF F7 FF 00 00 00 01 25 43 F6
2023/12/15 11:16:59 : F2 00 00 00 00 00 00 00 00 DE FF FF F7 FF 00 00 00 01 25 43 F6
2023/12/15 11:17:00 : F2 00 00 00 00 00 00 00 00 DE FF FF F7 FF 00 00 00 01 25 43 F6
2023/12/15 11:17:01 : F2 00 00 00 00 00 00 00 00 DE FF FF F7 FF 00 00 00 01 25 43 F6
2023/12/15 11:17:02 : F2 00 00 00 00 00 00 00 00 DE FF FF F7 FF 00 00 00 01 25 43 F6
2023/12/15 11:17:03 : F2 00 00 00 00 00 00 00 00 DE FF FF F7 FF 00 00 00 01 25 43 F6
2023/12/15 11:17:04 : F2 00 00 00 00 00 00 00 00 DE FF FF F7 FF 00 00 00 01 25 43 F6
2023/12/15 11:17:05 : F2 00 00 00 00 00 00 00 00 DE FF FF F7 FF 00 00 00 01 25 43 F6
2023/12/15 11:17:06 : F2 00 00 00 00 00 00 00 00 DE FF FF F7 FF 00 00 00 01 25 43 F6
2023/12/15 11:17:07 : F2 00 00 00 00 00 00 00 00 DE FF FF F7 FF 00 00 00 01 25 43 F6
2023/12/15 11:17:08 : F2 00 00 00 00 00 00 00 00 DE FF FF F7 FF 00 00 00 01 25 43 F6
2023/12/15 11:17:09 : F2 00 00 00 00 00 00 00 00 DE FF FF F7 FF 00 00 00 01 25 43 F6
2023/12/15 11:17:10 : F2 00 00 00 00 00 00 00 00 DE FF FF F7 FF 00 00 00 01 25 43 F6
2023/12/15 11:17:11 : F2 00 00 00 00 00 00 00 00 DE FF FF F7 FF 00 00 00 01 25 43 F6
2023/12/15 11:17:12 : F2 00 00 00 00 00 00 00 00 DE FF FF F7 FF 00 00 00 01 25 43 F6
2023/12/15 11:17:13 : F2 00 00 00 00 00 00 00 00 DE FF FF F7 FF 00 00 00 01 25 43 F6
2023/12/15 11:17:14 : F2 00 00 00 00 00 00 00 00 DE FF FF F7 FF 00 00 00 01 25 43 F6
2023/12/15 11:17:15 : F2 00 00 00 00 00 00 00 00 DE FF FF F7 FF 00 00 00 01 25 43 F6
2023/12/15 11:17:16 : F2 00 00 00 00 00 00 00 00 DE FF FF F7 FF 00 00 00 01 25 43 F6
2023/12/15 11:23:43 : F2 00 00 00 00 00 00 00 00 00 00 00 00 00 00 00 00 03 F7 8F F6
2023/12/15 11:27:01 : F2 00 00 00 00 00 00 00 00 00 00 00 00 00 00 00 00 03 F7 8F F6
2023/12/15 11:27:08 : F2 00 00 00 00 00 00 00 00 00 00 00 00 00 00 00 00 03 F7 8F F6
2023/12/15 11:27:08 : F2 00 00 00 00 00 00 00 00 00 00 00 00 00 00 00 00 03 F7 8F F6
2023/12/15 11:27:08 : F2 00 00 00 00 00 00 00 00 00 00 00 00 00 00 00 00 03 F7 8F F6
2023/12/15 11:27:09 : F2 00 00 00 00 00 00 00 00 00 00 00 00 00 00 00 00 03 F7 8F F6
2023/12/15 11:27:09 : F2 00 00 00 00 00 00 00 00 00 00 00 00 00 00 00 00 03 F7 8F F6
2023/12/15 11:27:09 : F2 00 00 00 00 00 00 00 00 00 00 00 00 00 00 00 00 03 F7 8F F6
2023/12/15 11:27:09 : F2 00 00 00 00 00 00 00 00 00 00 00 00 00 00 00 00 03 F7 8F F6
2023/12/15 11:27:09 : F2 00 00 00 00 00 00 00 00 00 00 00 00 00 00 00 00 03 F7 8F F6
2023/12/15 11:27:09 : F2 00 00 00 00 00 00 00 00 00 00 00 00 00 00 00 00 03 F7 8F F6
2023/12/15 11:27:09 : F2 00 00 00 00 00 00 00 00 00 00 00 00 00 00 00 00 03 F7 8F F6
2023/12/15 11:27:10 : F2 00 00 00 00 00 00 00 00 00 00 00 00 00 00 00 00 03 F7 8F F6
2023/12/15 11:27:10 : F2 00 00 00 00 00 00 00 00 00 00 00 00 00 00 00 00 03 F7 8F F6
2023/12/15 11:27:10 : F2 00 00 00 00 00 00 00 00 00 00 00 00 00 00 00 00 03 F7 8F F6
2023/12/15 11:27:10 : F2 00 00 00 00 00 00 00 00 00 00 00 00 00 00 00 00 03 F7 8F F6
2023/12/15 11:27:10 : F2 00 00 00 00 00 00 00 00 00 00 00 00 00 00 00 00 03 F7 8F F6
2023/12/15 11:27:10 : F2 00 00 00 00 00 00 00 00 00 00 00 00 00 00 00 00 03 F7 8F F6
2023/12/15 11:27:10 : F2 00 00 00 00 00 00 00 00 00 00 00 00 00 00 00 00 03 F7 8F F6
2023/12/15 11:27:12 : F2 00 00 00 00 00 00 00 00 00 00 00 00 00 00 00 00 03 F7 8F F6
2023/12/15 11:27:13 : F2 00 00 00 00 00 00 00 00 00 00 00 00 00 00 00 00 03 F7 8F F6
2023/12/15 11:27:13 : F2 00 00 00 00 00 00 00 00 00 00 00 00 00 00 00 00 03 F7 8F F6
2023/12/15 11:27:13 : F2 00 00 00 00 00 00 00 00 00 00 00 00 00 00 00 00 03 F7 8F F6
2023/12/15 11:27:13 : F2 00 00 00 00 00 00 00 00 00 00 00 00 00 00 00 00 03 F7 8F F6
2023/12/15 11:27:14 : F2 00 00 00 00 00 00 00 00 00 00 00 00 00 00 00 00 03 F7 8F F6
2023/12/15 11:27:14 : F2 00 00 00 00 00 00 00 00 00 00 00 00 00 00 00 00 03 F7 8F F6
2023/12/15 11:27:14 : F2 00 00 00 00 00 00 00 00 00 00 00 00 00 00 00 00 03 F7 8F F6
2023/12/15 11:27:14 : F2 00 00 00 00 00 00 00 00 00 00 00 00 00 00 00 00 03 F7 8F F6
2023/12/15 11:27:14 : F2 00 00 00 00 00 00 00 00 00 00 00 00 00 00 00 00 03 F7 8F F6
2023/12/15 11:27:14 : F2 00 00 00 00 00 00 00 00 00 00 00 00 00 00 00 00 03 F7 8F F6
2023/12/15 11:27:15 : F2 00 00 00 00 00 00 00 00 00 00 00 00 00 00 00 00 03 F7 8F F6
2023/12/15 11:27:15 : F2 00 00 00 00 00 00 00 00 00 00 00 00 00 00 00 00 03 F7 8F F6
2023/12/15 11:27:15 : F2 00 00 00 00 00 00 00 00 00 00 00 00 00 00 00 00 03 F7 8F F6
2023/12/15 11:27:15 : F2 00 00 00 00 00 00 00 00 00 00 00 00 00 00 00 00 03 F7 8F F6
2023/12/15 11:27:15 : F2 00 00 00 00 00 00 00 00 00 00 00 00 00 00 00 00 03 F7 8F F6
2023/12/15 11:27:16 : F2 00 00 00 00 00 00 00 00 00 00 00 00 00 00 00 00 03 F7 8F F6
2023/12/15 11:27:16 : F2 00 00 00 00 00 00 00 00 00 00 00 00 00 00 00 00 03 F7 8F F6
2023/12/15 11:27:16 : F2 00 00 00 00 00 00 00 00 00 00 00 00 00 00 00 00 03 F7 8F F6
2023/12/15 11:27:16 : F2 00 00 00 00 00 00 00 00 00 00 00 00 00 00 00 00 03 F7 8F F6
2023/12/15 11:27:16 : F2 00 00 00 00 00 00 00 00 00 00 00 00 00 00 00 00 03 F7 8F F6
2023/12/15 11:27:16 : F2 00 00 00 00 00 00 00 00 00 00 00 00 00 00 00 00 03 F7 8F F6
2023/12/15 11:27:17 : F2 00 00 00 00 00 00 00 00 00 00 00 00 00 00 00 00 03 F7 8F F6
