2023/12/15 14:50:58 : 00 00 00 00 00 00 00 00 00 00 00 00 00 00 00 63 63 C5 50
2023/12/15 14:50:59 : 00 00 00 00 00 00 00 00 00 00 00 00 00 00 00 63 63 C5 50
2023/12/15 14:50:59 : 00 00 00 00 00 00 00 00 00 00 00 00 00 00 00 63 63 C5 50
2023/12/15 14:50:59 : 00 00 00 00 00 00 00 00 00 00 00 00 00 00 00 63 63 C5 50
2023/12/15 14:50:59 : 00 00 00 00 00 00 00 00 00 00 00 00 00 00 00 63 63 C5 50
2023/12/15 14:50:59 : 00 00 00 00 00 00 00 00 00 00 00 00 00 00 00 63 63 C5 50
2023/12/15 14:51:00 : 00 00 00 00 00 00 00 00 00 00 00 00 00 00 00 63 63 C5 50
2023/12/15 14:51:00 : 00 00 00 00 00 00 00 00 00 00 00 00 00 00 00 63 63 C5 50
2023/12/15 14:51:00 : 00 00 00 00 00 00 00 00 00 00 00 00 00 00 00 63 63 C5 50
2023/12/15 14:51:00 : 00 00 00 00 00 00 00 00 00 00 00 00 00 00 00 63 63 C5 50
2023/12/15 14:51:01 : 00 00 00 00 00 00 00 00 00 00 00 00 00 00 00 63 63 C5 50
2023/12/15 14:51:01 : 00 00 00 00 00 00 00 00 00 00 00 00 00 00 00 63 63 C5 50
2023/12/15 14:51:01 : 00 00 00 00 00 00 00 00 00 00 00 00 00 00 00 63 63 C5 50
2023/12/15 14:51:01 : 00 00 00 00 00 00 00 00 00 00 00 00 00 00 00 63 63 C5 50
2023/12/15 14:51:01 : 00 00 00 00 00 00 00 00 00 00 00 00 00 00 00 63 63 C5 50
2023/12/15 14:51:02 : 00 00 00 00 00 00 00 00 00 00 00 00 00 00 00 63 63 C5 50
2023/12/15 14:51:02 : 00 00 00 00 00 00 00 00 00 00 00 00 00 00 00 63 63 C5 50
2023/12/15 14:51:02 : 00 00 00 00 00 00 00 00 00 00 00 00 00 00 00 63 63 C5 50
2023/12/15 14:51:02 : 00 00 00 00 00 00 00 00 00 00 00 00 00 00 00 63 63 C5 50
2023/12/15 14:51:02 : 00 00 00 00 00 00 00 00 00 00 00 00 00 00 00 63 63 C5 50
2023/12/15 14:51:03 : 00 00 00 00 00 00 00 00 00 00 00 00 00 00 00 63 63 C5 50
2023/12/15 14:51:03 : 00 00 00 00 00 00 00 00 00 00 00 00 00 00 00 63 63 C5 50
2023/12/15 14:51:03 : 00 00 00 00 00 00 00 00 00 00 00 00 00 00 00 63 63 C5 50
2023/12/15 14:51:03 : 00 00 00 00 00 00 00 00 00 00 00 00 00 00 00 63 63 C5 50
2023/12/15 14:51:03 : 00 00 00 00 00 00 00 00 00 00 00 00 00 00 00 63 63 C5 50
2023/12/15 14:51:04 : 00 00 00 00 00 00 00 00 00 00 00 00 00 00 00 63 63 C5 50
2023/12/15 14:51:04 : 00 00 00 00 00 00 00 00 00 00 00 00 00 00 00 63 63 C5 50
2023/12/15 14:51:04 : 00 00 00 00 00 00 00 00 00 00 00 00 00 00 00 63 63 C5 50
2023/12/15 14:51:04 : 00 00 00 00 00 00 00 00 00 00 00 00 00 00 00 63 63 C5 50
2023/12/15 14:51:04 : 00 00 00 00 00 00 00 00 00 00 00 00 00 00 00 63 63 C5 50
2023/12/15 14:51:05 : 00 00 00 00 00 00 00 00 00 00 00 00 00 00 00 63 63 C5 50
